[technext.github.io/raising/index.html]
[backblue.gif]
[fade.gif]
[index.html]
[technext.github.io/raising/assets/fonts/fontawesome/font-awesome.min.css]
[technext.github.io/raising/assets/fonts/pe-icon/pe-icon.css]
[technext.github.io/raising/assets/vendors/bootstrap/grid.css]
[technext.github.io/raising/assets/vendors/magnific-popup/magnific-popup.min.css]
[technext.github.io/raising/assets/vendors/swiper/swiper.css]
[technext.github.io/raising/home.html]
[technext.github.io/raising/assets/css/main.css]
[technext.github.io/raising/assets/img/logo_white.png]
[technext.github.io/raising/assets/img/slider/1.jpg]
[technext.github.io/raising/assets/img/slider/2.jpg]
[technext.github.io/raising/assets/img/slider/3.jpg]
[technext.github.io/raising/assets/img/slider/4.jpg]
[technext.github.io/raising/assets/img/about/2.jpg]
[technext.github.io/raising/assets/img/service/1.jpg]
[technext.github.io/raising/service-single.html]
[technext.github.io/raising/assets/img/service/2.jpg]
[technext.github.io/raising/assets/img/service/3.jpg]
[technext.github.io/raising/assets/img/service/4.jpg]
[technext.github.io/raising/assets/img/service/5.jpg]
[technext.github.io/raising/assets/img/service/6.jpg]
[technext.github.io/raising/assets/img/gallery/9.jpg]
[technext.github.io/raising/assets/img/gallery/10.jpg]
[technext.github.io/raising/assets/img/gallery/11.jpg]
[technext.github.io/raising/assets/img/gallery/12.jpg]
[technext.github.io/raising/assets/img/gallery/13.jpg]
[technext.github.io/raising/assets/img/gallery/14.jpg]
[technext.github.io/raising/assets/img/gallery/1.jpg]
[technext.github.io/raising/assets/img/gallery/2.jpg]
[technext.github.io/raising/_assets/img/bg/demo.jpg_]
[technext.github.io/raising/assets/img/team/1.jpg]
[technext.github.io/raising/assets/img/team/2.jpg]
[technext.github.io/raising/assets/img/team/3.jpg]
[technext.github.io/raising/assets/img/team/4.jpg]
[technext.github.io/raising/assets/vendors/jquery/jquery.min.js]
[technext.github.io/raising/assets/vendors/imagesloaded/imagesloaded.pkgd.js]
[technext.github.io/raising/assets/vendors/isotope-layout/isotope.pkgd.js]
[technext.github.io/raising/assets/vendors/jquery.matchHeight/jquery.matchHeight.min.js]
[technext.github.io/raising/assets/vendors/magnific-popup/jquery.magnific-popup.min.js]
[technext.github.io/raising/assets/vendors/masonry-layout/masonry.pkgd.js]
[technext.github.io/raising/assets/vendors/swiper/swiper.jquery.js]
[technext.github.io/raising/assets/vendors/jquery-one-page/jquery.nav.js]
[technext.github.io/raising/assets/vendors/menu/menu.js]
[technext.github.io/raising/assets/vendors/jquery.waypoints/jquery.waypoints.min.js]
[technext.github.io/raising/assets/js/main.js]
[technext.github.io/raising/index.html]
[fonts.googleapis.com/csse5ea.css]
[technext.github.io/raising/home.html]
[technext.github.io/raising/service-single.html]
[technext.github.io/raising/_assets/img/bg/demo.html]
[technext.github.io/raising/assets/img/slider/2.jpg]
[technext.github.io/raising/assets/img/slider/1.jpg]
[technext.github.io/raising/assets/img/slider/3.jpg]
[technext.github.io/raising/assets/img/slider/4.jpg]
[technext.github.io/raising/assets/img/about/2.jpg]
[technext.github.io/raising/assets/fonts/fontawesome/fonts/fontawesome-webfont3e6e.eot]
[technext.github.io/raising/assets/img/service/2.jpg]
[technext.github.io/raising/assets/img/service/3.jpg]
[technext.github.io/raising/assets/img/service/1.jpg]
[technext.github.io/raising/assets/fonts/fontawesome/fonts/fontawesome-webfontd41d.eot]
[technext.github.io/raising/assets/img/service/4.jpg]
[technext.github.io/raising/assets/img/service/5.jpg]
[technext.github.io/raising/assets/img/service/6.jpg]
[technext.github.io/raising/assets/img/gallery/9.jpg]
[technext.github.io/raising/assets/img/gallery/11.jpg]
[technext.github.io/raising/assets/img/gallery/12.jpg]
[technext.github.io/raising/assets/fonts/fontawesome/fonts/fontawesome-webfont3e6e.woff2]
[technext.github.io/raising/assets/img/gallery/10.jpg]
[technext.github.io/raising/assets/img/gallery/13.jpg]
[technext.github.io/raising/assets/img/gallery/14.jpg]
[technext.github.io/raising/assets/fonts/fontawesome/fonts/fontawesome-webfont3e6e.woff]
[technext.github.io/raising/assets/img/gallery/1.jpg]
[technext.github.io/raising/assets/img/gallery/2.jpg]
[technext.github.io/raising/assets/img/team/2.jpg]
[technext.github.io/raising/assets/fonts/fontawesome/fonts/fontawesome-webfont3e6e.ttf]
[technext.github.io/raising/assets/fonts/fontawesome/font-awesome.min.css]
[technext.github.io/raising/assets/fonts/fontawesome/fonts/fontawesome-webfont3e6e.svg]
[technext.github.io/raising/assets/fonts/fontawesome/fonts/fontawesome-webfont3e6e.woff2]
[technext.github.io/raising/assets/fonts/pe-icon/fonts/Pe-icon-7-strokebb1d.eot]
[technext.github.io/raising/assets/fonts/pe-icon/fonts/Pe-icon-7-stroked41d.eot]
[technext.github.io/raising/assets/fonts/fontawesome/fonts/fontawesome-webfont3e6e.woff]
[technext.github.io/raising/assets/fonts/pe-icon/fonts/Pe-icon-7-strokebb1d.woff]
[technext.github.io/raising/assets/fonts/pe-icon/fonts/Pe-icon-7-strokebb1d.ttf]
[technext.github.io/raising/assets/fonts/pe-icon/pe-icon.css]
[technext.github.io/raising/assets/vendors/bootstrap/grid.css]
[technext.github.io/raising/assets/vendors/magnific-popup/magnific-popup.min.css]
[technext.github.io/raising/assets/vendors/swiper/swiper.css]
[technext.github.io/raising/assets/fonts/pe-icon/fonts/Pe-icon-7-strokebb1d.svg]
[technext.github.io/raising/assets/img/bg/faq.jpg]
[technext.github.io/raising/assets/img/bg/portfolio.jpg]
[technext.github.io/raising/assets/css/main.css]
[technext.github.io/raising/service-single.html]
[technext.github.io/raising/_assets/img/bg/demo.html]
[technext.github.io/raising/assets/fonts/fontawesome/fonts/fontawesome-webfont3e6e.svg]
[technext.github.io/raising/assets/fonts/pe-icon/fonts/Pe-icon-7-strokebb1d.svg]
[technext.github.io/raising/assets/img/bg/faq.html]
[technext.github.io/raising/assets/img/bg/portfolio.html]
